TN:
SF:src/vault/ProxyFactory.sol
DA:16,339
FN:16,ProxyFactory.constructor
FNDA:339,ProxyFactory.constructor
DA:17,339
BRDA:17,0,0,1
DA:18,1
DA:20,338
BRDA:20,1,0,1
DA:21,1
DA:23,337
DA:24,337
DA:27,332
FN:27,ProxyFactory.deployProxy
FNDA:332,ProxyFactory.deployProxy
DA:28,332
DA:29,74
DA:32,2
FN:32,ProxyFactory.predictProxyAddress
FNDA:2,ProxyFactory.predictProxyAddress
DA:33,2
DA:34,2
DA:36,2
DA:37,2
FNF:3
FNH:3
LF:15
LH:15
BRF:2
BRH:2
end_of_record
TN:
SF:src/vault/TokenizedVault.sol
DA:66,333
FN:66,TokenizedVault.initialize
FNDA:333,TokenizedVault.initialize
DA:74,332
DA:75,332
DA:76,332
DA:77,332
DA:78,332
DA:79,331
DA:80,331
DA:81,75
DA:82,75
DA:84,75
DA:87,1
FN:87,TokenizedVault.receive
FNDA:1,TokenizedVault.receive
DA:88,1
DA:91,1
FN:91,TokenizedVault.fallback
FNDA:1,TokenizedVault.fallback
DA:92,1
DA:95,412
FN:95,TokenizedVault._requireValidErc20
FNDA:412,TokenizedVault._requireValidErc20
DA:96,412
BRDA:96,0,0,412
DA:97,2
BRDA:97,0,1,2
DA:98,2
DA:102,667
FN:102,TokenizedVault._validateDecimals
FNDA:667,TokenizedVault._validateDecimals
DA:103,667
BRDA:103,1,0,512
DA:104,512
DA:108,3
FN:108,TokenizedVault.decimals
FNDA:3,TokenizedVault.decimals
DA:109,3
DA:112,1
FN:112,TokenizedVault.asset
FNDA:1,TokenizedVault.asset
DA:113,1
DA:116,3
FN:116,TokenizedVault.totalAssets
FNDA:3,TokenizedVault.totalAssets
DA:117,90
DA:118,90
DA:119,90
DA:120,160
DA:121,160
BRDA:121,2,0,75
DA:122,75
DA:124,85
DA:126,90
DA:129,4
FN:129,TokenizedVault.convertToShares
FNDA:4,TokenizedVault.convertToShares
DA:130,4
DA:133,5
FN:133,TokenizedVault.convertToAssets
FNDA:5,TokenizedVault.convertToAssets
DA:134,5
DA:137,1
FN:137,TokenizedVault.maxDeposit
FNDA:1,TokenizedVault.maxDeposit
DA:138,1
DA:141,1
FN:141,TokenizedVault.maxMint
FNDA:1,TokenizedVault.maxMint
DA:142,1
DA:145,6
FN:145,TokenizedVault.maxWithdraw
FNDA:6,TokenizedVault.maxWithdraw
DA:146,6
DA:149,5
FN:149,TokenizedVault.maxRedeem
FNDA:5,TokenizedVault.maxRedeem
DA:150,11
BRDA:150,3,0,3
DA:151,3
DA:153,8
DA:156,2
FN:156,TokenizedVault.previewDeposit
FNDA:2,TokenizedVault.previewDeposit
DA:157,52
DA:160,2
FN:160,TokenizedVault.previewMint
FNDA:2,TokenizedVault.previewMint
DA:161,2
DA:164,2
FN:164,TokenizedVault.previewWithdraw
FNDA:2,TokenizedVault.previewWithdraw
DA:165,6
DA:168,4
FN:168,TokenizedVault.previewRedeem
FNDA:4,TokenizedVault.previewRedeem
DA:169,18
DA:172,62
FN:172,TokenizedVault._convertToShares
FNDA:62,TokenizedVault._convertToShares
DA:173,62
DA:176,25
FN:176,TokenizedVault._convertToAssets
FNDA:25,TokenizedVault._convertToAssets
DA:177,25
DA:180,54
FN:180,TokenizedVault.deposit
FNDA:54,TokenizedVault.deposit
DA:181,53
BRDA:181,4,0,1
DA:182,1
DA:184,52
BRDA:184,5,0,1
DA:185,1
DA:187,51
DA:188,50
DA:190,50
DA:192,48
DA:193,48
DA:194,48
DA:196,48
DA:199,10
FN:199,TokenizedVault.redeem
FNDA:10,TokenizedVault.redeem
DA:200,10
DA:201,10
DA:202,8
DA:203,8
BRDA:203,6,0,2
DA:204,2
DA:206,6
DA:207,5
DA:209,5
DA:212,6
FN:212,TokenizedVault.withdraw
FNDA:6,TokenizedVault.withdraw
DA:213,6
DA:214,6
DA:215,5
BRDA:215,7,0,1
DA:216,1
DA:218,4
DA:219,4
DA:220,4
DA:222,4
DA:225,16
FN:225,TokenizedVault._checkWithdrawalTimelock
FNDA:16,TokenizedVault._checkWithdrawalTimelock
DA:226,16
BRDA:226,8,0,3
DA:227,3
DA:231,27
FN:231,TokenizedVault._withdrawalLocked
FNDA:27,TokenizedVault._withdrawalLocked
DA:232,27
BRDA:232,9,0,17
DA:233,17
DA:235,10
DA:236,10
DA:239,136
FN:239,TokenizedVault._tokenToUnderlying
FNDA:136,TokenizedVault._tokenToUnderlying
DA:240,136
DA:241,135
DA:242,135
DA:245,19
FN:245,TokenizedVault.getTokenValue
FNDA:19,TokenizedVault.getTokenValue
DA:246,155
BRDA:246,10,0,1
DA:247,1
DA:249,154
DA:250,152
DA:251,150
DA:256,306
FN:256,TokenizedVault._priceUsd
FNDA:306,TokenizedVault._priceUsd
DA:257,306
BRDA:257,11,0,-
DA:258,0
DA:260,306
DA:261,306
BRDA:261,12,0,1
DA:262,1
DA:264,305
BRDA:264,13,0,3
DA:265,3
DA:267,302
DA:270,302
DA:273,338
FN:273,TokenizedVault.enableToken
FNDA:338,TokenizedVault.enableToken
DA:274,1
BRDA:274,14,0,1
DA:275,1
DA:277,336
DA:278,80
DA:279,79
BRDA:279,15,0,1
DA:280,1
DA:282,78
DA:283,78
DA:284,78
DA:286,78
DA:289,3
FN:289,TokenizedVault.disableToken
FNDA:3,TokenizedVault.disableToken
DA:290,2
BRDA:290,16,0,1
DA:291,1
DA:293,1
DA:295,1
DA:296,1
DA:297,1
BRDA:297,17,0,1
DA:298,1
DA:299,1
DA:300,1
DA:304,1
DA:307,3
FN:307,TokenizedVault.getEnabledTokens
FNDA:3,TokenizedVault.getEnabledTokens
DA:308,3
DA:311,2
FN:311,TokenizedVault.setWithdrawalTimelock
FNDA:2,TokenizedVault.setWithdrawalTimelock
DA:312,1
DA:313,1
DA:316,1
FN:316,TokenizedVault.transfer
FNDA:1,TokenizedVault.transfer
DA:317,1
DA:320,1
FN:320,TokenizedVault.transferFrom
FNDA:1,TokenizedVault.transferFrom
DA:321,1
FNF:34
FNH:34
LF:150
LH:149
BRF:19
BRH:18
end_of_record
TN:
SF:src/vault/VaultProxyAdmin.sol
DA:13,337
FN:13,VaultProxyAdmin.initialize
FNDA:337,VaultProxyAdmin.initialize
DA:14,337
DA:15,337
DA:18,4
FN:18,VaultProxyAdmin.upgrade
FNDA:4,VaultProxyAdmin.upgrade
DA:19,3
BRDA:19,0,0,2
DA:20,2
DA:22,1
DA:23,1
DA:26,4
FN:26,VaultProxyAdmin.getProxyImplementation
FNDA:4,VaultProxyAdmin.getProxyImplementation
DA:27,4
BRDA:27,1,0,1
DA:28,1
DA:30,3
DA:33,3
FN:33,VaultProxyAdmin.getProxyAdmin
FNDA:3,VaultProxyAdmin.getProxyAdmin
DA:34,3
BRDA:34,2,0,1
DA:35,1
DA:37,2
FNF:4
FNH:4
LF:16
LH:16
BRF:3
BRH:3
end_of_record
TN:
SF:src/vault/VaultTransparentProxy.sol
DA:22,332
FN:22,VaultTransparentProxy.constructor
FNDA:332,VaultTransparentProxy.constructor
DA:26,75
BRDA:26,0,0,1
DA:27,1
DA:29,74
DA:30,74
DA:33,534
FN:33,VaultTransparentProxy._proxyAdmin
FNDA:534,VaultTransparentProxy._proxyAdmin
DA:34,534
DA:37,3
FN:37,VaultTransparentProxy.implementation
FNDA:3,VaultTransparentProxy.implementation
DA:38,3
DA:41,2
FN:41,VaultTransparentProxy.admin
FNDA:2,VaultTransparentProxy.admin
DA:42,2
DA:45,532
FN:45,VaultTransparentProxy._fallback
FNDA:532,VaultTransparentProxy._fallback
DA:46,532
BRDA:46,1,0,3
BRDA:46,1,1,2
DA:47,3
BRDA:47,2,0,1
BRDA:47,2,1,2
DA:48,1
DA:50,2
DA:53,529
DA:57,2
FN:57,VaultTransparentProxy._dispatchUpgradeToAndCall
FNDA:2,VaultTransparentProxy._dispatchUpgradeToAndCall
DA:58,2
DA:59,2
FNF:6
FNH:6
LF:20
LH:20
BRF:5
BRH:5
end_of_record
TN:
SF:test/Vault.t.sol
DA:40,79
FN:40,VaultTest.setUp
FNDA:79,VaultTest.setUp
DA:41,79
DA:42,79
DA:43,79
DA:44,79
DA:45,79
DA:47,79
DA:48,79
DA:49,79
DA:50,79
DA:51,79
DA:53,79
DA:54,79
DA:55,79
DA:57,79
DA:60,68
FN:60,VaultTest._deployVault
FNDA:68,VaultTest._deployVault
DA:64,68
DA:68,68
DA:69,68
DA:72,53
FN:72,VaultTest._enable
FNDA:53,VaultTest._enable
DA:73,53
DA:76,28
FN:76,VaultTest._usdPrice
FNDA:28,VaultTest._usdPrice
DA:77,28
DA:78,28
DA:81,14
FN:81,VaultTest._tokenValue
FNDA:14,VaultTest._tokenValue
DA:82,14
DA:85,14
FN:85,VaultTest._toUnderlying
FNDA:14,VaultTest._toUnderlying
DA:92,14
DA:93,14
DA:94,14
DA:97,55
FN:97,VaultTest._mintAndApprove
FNDA:55,VaultTest._mintAndApprove
DA:98,55
DA:99,55
DA:100,55
FNF:7
FNH:7
LF:34
LH:34
BRF:0
BRH:0
end_of_record
TN:
SF:test/mocks/MockChainlinkPriceFeed.sol
DA:12,396
FN:12,MockChainlinkPriceFeed.constructor
FNDA:396,MockChainlinkPriceFeed.constructor
DA:13,396
DA:14,396
DA:15,396
DA:18,2
FN:18,MockChainlinkPriceFeed.setAnswer
FNDA:2,MockChainlinkPriceFeed.setAnswer
DA:19,2
DA:20,2
DA:21,2
DA:24,3
FN:24,MockChainlinkPriceFeed.setUpdatedAt
FNDA:3,MockChainlinkPriceFeed.setUpdatedAt
DA:25,3
DA:28,306
FN:28,MockChainlinkPriceFeed.latestRoundData
FNDA:306,MockChainlinkPriceFeed.latestRoundData
DA:35,306
DA:38,0
FN:38,MockChainlinkPriceFeed.getRoundData
FNDA:0,MockChainlinkPriceFeed.getRoundData
DA:39,0
DA:42,0
FN:42,MockChainlinkPriceFeed.getAnswer
FNDA:0,MockChainlinkPriceFeed.getAnswer
DA:43,0
FNF:6
FNH:4
LF:16
LH:12
BRF:0
BRH:0
end_of_record
TN:
SF:test/mocks/MockERC20.sol
DA:9,651
FN:9,MockERC20.constructor
FNDA:651,MockERC20.constructor
DA:10,651
DA:13,331
FN:13,MockERC20.decimals
FNDA:331,MockERC20.decimals
DA:14,331
DA:17,57
FN:17,MockERC20.mint
FNDA:57,MockERC20.mint
DA:18,57
DA:21,0
FN:21,MockERC20.burn
FNDA:0,MockERC20.burn
DA:22,0
FNF:4
FNH:3
LF:8
LH:6
BRF:0
BRH:0
end_of_record
TN:
SF:test/mocks/MockReentrantToken.sol
DA:14,1
FN:14,MockReentrantToken.constructor
FNDA:1,MockReentrantToken.constructor
DA:15,1
DA:18,1
FN:18,MockReentrantToken.mint
FNDA:1,MockReentrantToken.mint
DA:19,1
DA:22,1
FN:22,MockReentrantToken.setReenter
FNDA:1,MockReentrantToken.setReenter
DA:23,1
DA:26,1
FN:26,MockReentrantToken.transferFrom
FNDA:1,MockReentrantToken.transferFrom
DA:27,1
BRDA:27,0,0,1
DA:28,1
DA:29,1
DA:31,0
FNF:4
FNH:4
LF:11
LH:10
BRF:1
BRH:1
end_of_record
