TN:
SF:src/ManagedErc20.sol
DA:67,13
FN:67,ManagedErc20.constructor
FNDA:13,ManagedErc20.constructor
DA:72,13
BRDA:72,0,0,6
DA:74,7
DA:75,7
DA:76,7
DA:78,7
DA:90,8
FN:90,ManagedErc20.configure
FNDA:8,ManagedErc20.configure
DA:94,8
BRDA:94,1,0,-
DA:95,8
BRDA:95,2,0,1
DA:96,7
BRDA:96,3,0,3
DA:97,4
BRDA:97,4,0,3
DA:99,1
DA:100,1
DA:102,1
DA:111,8
FN:111,ManagedErc20.mint
FNDA:8,ManagedErc20.mint
DA:112,8
DA:113,7
BRDA:113,5,0,3
DA:114,4
BRDA:114,6,0,3
DA:116,1
DA:125,10
FN:125,ManagedErc20.burn
FNDA:10,ManagedErc20.burn
DA:126,10
DA:127,9
BRDA:127,7,0,3
DA:128,6
BRDA:128,8,0,3
DA:130,3
DA:137,4
FN:137,ManagedErc20.decimals
FNDA:4,ManagedErc20.decimals
DA:138,4
DA:142,18
FN:142,ManagedErc20._ensureTokenConfigured
FNDA:18,ManagedErc20._ensureTokenConfigured
DA:143,18
BRDA:143,9,0,2
FNF:6
FNH:6
LF:28
LH:28
BRF:10
BRH:9
end_of_record
